<?xml version="1.0" encoding="UTF-8"?>
<!-- Generated by org.testng.reporters.JUnitXMLReporter -->
<testsuite ignored="0" hostname="LTIN238012" failures="0" tests="10" name="ChromeTest" time="117.345" errors="0" timestamp="2024-04-04T16:53:19 IST">
  <testcase classname="testCases.Tc1_city" name="City_t1" time="16.109"/>
  <testcase classname="testCases.Tc2_clicksports" name="Sports_t1" time="13.277"/>
  <testcase classname="testCases.Tc2_clicksports" name="sports_t2" time="8.005"/>
  <testcase classname="testCases.Tc3_movies" name="Movies_t1" time="8.286"/>
  <testcase classname="testCases.Tc3_movies" name="Movies_t2" time="5.584"/>
  <testcase classname="testCases.Tc4_clickSignin" name="Signin_t1" time="0.178"/>
  <testcase classname="testCases.Tc4_clickSignin" name="Signin_t2" time="10.347"/>
  <testcase classname="testCases.Tc4_clickSignin" name="Signin_t3" time="10.427"/>
  <testcase classname="testCases.Tc4_clickSignin" name="Signin_t4" time="16.91"/>
  <testcase classname="testCases.Tc4_clickSignin" name="Signin_t5" time="0.176"/>
</testsuite> <!-- ChromeTest -->
