<?xml version="1.0" encoding="UTF-8"?>
<!-- Generated by org.testng.reporters.JUnitXMLReporter -->
<testsuite ignored="0" hostname="LTIN238012" failures="0" tests="10" name="EdgeTest" time="112.097" errors="0" timestamp="2024-04-04T16:55:13 IST">
  <testcase classname="testCases.Tc1_city" name="City_t1" time="15.646"/>
  <testcase classname="testCases.Tc2_clicksports" name="Sports_t1" time="13.276"/>
  <testcase classname="testCases.Tc2_clicksports" name="sports_t2" time="6.311"/>
  <testcase classname="testCases.Tc3_movies" name="Movies_t1" time="8.202"/>
  <testcase classname="testCases.Tc3_movies" name="Movies_t2" time="5.568"/>
  <testcase classname="testCases.Tc4_clickSignin" name="Signin_t1" time="0.155"/>
  <testcase classname="testCases.Tc4_clickSignin" name="Signin_t2" time="10.495"/>
  <testcase classname="testCases.Tc4_clickSignin" name="Signin_t3" time="10.416"/>
  <testcase classname="testCases.Tc4_clickSignin" name="Signin_t4" time="16.872"/>
  <testcase classname="testCases.Tc4_clickSignin" name="Signin_t5" time="0.189"/>
</testsuite> <!-- EdgeTest -->
