<?xml version="1.0" encoding="UTF-8"?>
<!-- Generated by org.testng.reporters.JUnitXMLReporter -->
<testsuite ignored="0" hostname="LTIN238012" failures="0" tests="4" name="Tes4t" time="22.691" errors="0" timestamp="2024-03-28T12:21:43 IST">
  <testcase classname="testCases.Tc4_clickSignin" name="test1" time="0.132"/>
  <testcase classname="testCases.Tc4_clickSignin" name="test2" time="10.32"/>
  <testcase classname="testCases.Tc4_clickSignin" name="test3" time="5.717"/>
  <testcase classname="testCases.Tc4_clickSignin" name="test4" time="6.485"/>
</testsuite> <!-- Tes4t -->
