<?xml version="1.0" encoding="UTF-8"?>
<!-- Generated by org.testng.reporters.JUnitXMLReporter -->
<testsuite ignored="0" hostname="LTIN238012" failures="0" tests="10" name="Test1" time="86.594" errors="0" timestamp="2024-04-04T15:36:22 IST">
  <testcase classname="testCases.Tc1_city" name="City_t1" time="15.336"/>
  <testcase classname="testCases.Tc2_clicksports" name="Sports_t1" time="13.137"/>
  <testcase classname="testCases.Tc2_clicksports" name="sports_t2" time="6.983"/>
  <testcase classname="testCases.Tc3_movies" name="Movies_t1" time="8.136"/>
  <testcase classname="testCases.Tc3_movies" name="Movies_t2" time="5.314"/>
  <testcase classname="testCases.Tc4_clickSignin" name="Signin_t1" time="0.084"/>
  <testcase classname="testCases.Tc4_clickSignin" name="Signin_t2" time="10.19"/>
  <testcase classname="testCases.Tc4_clickSignin" name="Signin_t3" time="10.31"/>
  <testcase classname="testCases.Tc4_clickSignin" name="Signin_t4" time="16.473"/>
  <testcase classname="testCases.Tc4_clickSignin" name="Signin_t5" time="0.178"/>
</testsuite> <!-- Test1 -->
