<?xml version="1.0" encoding="UTF-8"?>
<!-- Generated by org.testng.reporters.JUnitXMLReporter -->
<testsuite ignored="0" hostname="LTIN238012" failures="0" tests="5" name="Test4" time="22.144" errors="0" timestamp="2024-03-29T11:37:13 IST">
  <testcase classname="testCases.Tc4_clickSignin" name="test1" time="0.206"/>
  <testcase classname="testCases.Tc4_clickSignin" name="test2" time="10.343"/>
  <testcase classname="testCases.Tc4_clickSignin" name="test3" time="5.406"/>
  <testcase classname="testCases.Tc4_clickSignin" name="test4" time="5.908"/>
  <testcase classname="testCases.Tc4_clickSignin" name="test5" time="0.257"/>
</testsuite> <!-- Test4 -->
