<?xml version="1.0" encoding="UTF-8"?>
<testng-results ignored="0" total="20" passed="20" failed="0" skipped="0">
  <reporter-output>
  </reporter-output>
  <suite started-at="2024-04-04T16:51:22 IST" name="Suite" finished-at="2024-04-04T16:55:13 IST" duration-ms="231024">
    <groups>
    </groups>
    <test started-at="2024-04-04T16:51:22 IST" name="ChromeTest" finished-at="2024-04-04T16:53:19 IST" duration-ms="117345">
      <class name="testCases.Tc1_city">
        <test-method is-config="true" signature="beforeSuite(java.lang.String)[pri:0, instance:testCases.Tc1_city@1a18644]" started-at="2024-04-04T16:51:23 IST" name="beforeSuite" finished-at="2024-04-04T16:51:44 IST" duration-ms="21719" status="PASS">
          <params>
            <param index="0">
              <value>
                <![CDATA[chrome]]>
              </value>
            </param>
          </params>
          <reporter-output>
          </reporter-output>
        </test-method> <!-- beforeSuite -->
        <test-method signature="City_t1()[pri:0, instance:testCases.Tc1_city@1a18644]" started-at="2024-04-04T16:51:45 IST" name="City_t1" finished-at="2024-04-04T16:52:01 IST" duration-ms="16109" status="PASS">
          <reporter-output>
          </reporter-output>
        </test-method> <!-- City_t1 -->
        <test-method is-config="true" signature="afterSuite()[pri:0, instance:testCases.Tc1_city@1a18644]" started-at="2024-04-04T16:53:14 IST" name="afterSuite" finished-at="2024-04-04T16:53:19 IST" duration-ms="5471" status="PASS">
          <reporter-output>
          </reporter-output>
        </test-method> <!-- afterSuite -->
      </class> <!-- testCases.Tc1_city -->
      <class name="testCases.Tc2_clicksports">
        <test-method signature="Sports_t1()[pri:1, instance:testCases.Tc2_clicksports@18d87d80]" started-at="2024-04-04T16:52:01 IST" name="Sports_t1" finished-at="2024-04-04T16:52:14 IST" duration-ms="13277" status="PASS">
          <reporter-output>
          </reporter-output>
        </test-method> <!-- Sports_t1 -->
        <test-method signature="sports_t2()[pri:2, instance:testCases.Tc2_clicksports@18d87d80]" started-at="2024-04-04T16:52:14 IST" name="sports_t2" finished-at="2024-04-04T16:52:22 IST" duration-ms="8005" status="PASS">
          <reporter-output>
          </reporter-output>
        </test-method> <!-- sports_t2 -->
      </class> <!-- testCases.Tc2_clicksports -->
      <class name="testCases.Tc3_movies">
        <test-method signature="Movies_t1()[pri:1, instance:testCases.Tc3_movies@618425b5]" started-at="2024-04-04T16:52:22 IST" name="Movies_t1" finished-at="2024-04-04T16:52:30 IST" duration-ms="8286" status="PASS">
          <reporter-output>
          </reporter-output>
        </test-method> <!-- Movies_t1 -->
        <test-method signature="Movies_t2()[pri:2, instance:testCases.Tc3_movies@618425b5]" started-at="2024-04-04T16:52:30 IST" name="Movies_t2" finished-at="2024-04-04T16:52:36 IST" duration-ms="5584" status="PASS">
          <reporter-output>
          </reporter-output>
        </test-method> <!-- Movies_t2 -->
      </class> <!-- testCases.Tc3_movies -->
      <class name="testCases.Tc4_clickSignin">
        <test-method signature="Signin_t1()[pri:1, instance:testCases.Tc4_clickSignin@f5acb9d]" started-at="2024-04-04T16:52:36 IST" name="Signin_t1" finished-at="2024-04-04T16:52:36 IST" duration-ms="178" status="PASS">
          <reporter-output>
          </reporter-output>
        </test-method> <!-- Signin_t1 -->
        <test-method signature="Signin_t2()[pri:2, instance:testCases.Tc4_clickSignin@f5acb9d]" started-at="2024-04-04T16:52:36 IST" name="Signin_t2" finished-at="2024-04-04T16:52:46 IST" duration-ms="10347" status="PASS">
          <reporter-output>
          </reporter-output>
        </test-method> <!-- Signin_t2 -->
        <test-method signature="Signin_t3(java.lang.String)[pri:3, instance:testCases.Tc4_clickSignin@f5acb9d]" started-at="2024-04-04T16:52:46 IST" name="Signin_t3" data-provider="dp" finished-at="2024-04-04T16:52:57 IST" duration-ms="10427" status="PASS">
          <params>
            <param index="0">
              <value>
                <![CDATA[abc@.com]]>
              </value>
            </param>
          </params>
          <reporter-output>
          </reporter-output>
        </test-method> <!-- Signin_t3 -->
        <test-method signature="Signin_t4()[pri:4, instance:testCases.Tc4_clickSignin@f5acb9d]" started-at="2024-04-04T16:52:57 IST" name="Signin_t4" finished-at="2024-04-04T16:53:14 IST" duration-ms="16910" status="PASS">
          <reporter-output>
          </reporter-output>
        </test-method> <!-- Signin_t4 -->
        <test-method signature="Signin_t5()[pri:5, instance:testCases.Tc4_clickSignin@f5acb9d]" started-at="2024-04-04T16:53:14 IST" name="Signin_t5" finished-at="2024-04-04T16:53:14 IST" duration-ms="176" status="PASS">
          <reporter-output>
          </reporter-output>
        </test-method> <!-- Signin_t5 -->
      </class> <!-- testCases.Tc4_clickSignin -->
    </test> <!-- ChromeTest -->
    <test started-at="2024-04-04T16:53:21 IST" name="EdgeTest" finished-at="2024-04-04T16:55:13 IST" duration-ms="112097">
      <class name="testCases.Tc1_city">
        <test-method is-config="true" signature="beforeSuite(java.lang.String)[pri:0, instance:testCases.Tc1_city@4310d43]" started-at="2024-04-04T16:53:21 IST" name="beforeSuite" finished-at="2024-04-04T16:53:41 IST" duration-ms="19636" status="PASS">
          <params>
            <param index="0">
              <value>
                <![CDATA[edge]]>
              </value>
            </param>
          </params>
          <reporter-output>
          </reporter-output>
        </test-method> <!-- beforeSuite -->
        <test-method signature="City_t1()[pri:0, instance:testCases.Tc1_city@4310d43]" started-at="2024-04-04T16:53:41 IST" name="City_t1" finished-at="2024-04-04T16:53:56 IST" duration-ms="15646" status="PASS">
          <reporter-output>
          </reporter-output>
        </test-method> <!-- City_t1 -->
        <test-method is-config="true" signature="afterSuite()[pri:0, instance:testCases.Tc1_city@4310d43]" started-at="2024-04-04T16:55:08 IST" name="afterSuite" finished-at="2024-04-04T16:55:13 IST" duration-ms="5299" status="PASS">
          <reporter-output>
          </reporter-output>
        </test-method> <!-- afterSuite -->
      </class> <!-- testCases.Tc1_city -->
      <class name="testCases.Tc2_clicksports">
        <test-method signature="Sports_t1()[pri:1, instance:testCases.Tc2_clicksports@54a7079e]" started-at="2024-04-04T16:53:56 IST" name="Sports_t1" finished-at="2024-04-04T16:54:09 IST" duration-ms="13276" status="PASS">
          <reporter-output>
          </reporter-output>
        </test-method> <!-- Sports_t1 -->
        <test-method signature="sports_t2()[pri:2, instance:testCases.Tc2_clicksports@54a7079e]" started-at="2024-04-04T16:54:09 IST" name="sports_t2" finished-at="2024-04-04T16:54:16 IST" duration-ms="6311" status="PASS">
          <reporter-output>
          </reporter-output>
        </test-method> <!-- sports_t2 -->
      </class> <!-- testCases.Tc2_clicksports -->
      <class name="testCases.Tc3_movies">
        <test-method signature="Movies_t1()[pri:1, instance:testCases.Tc3_movies@26e356f0]" started-at="2024-04-04T16:54:16 IST" name="Movies_t1" finished-at="2024-04-04T16:54:24 IST" duration-ms="8202" status="PASS">
          <reporter-output>
          </reporter-output>
        </test-method> <!-- Movies_t1 -->
        <test-method signature="Movies_t2()[pri:2, instance:testCases.Tc3_movies@26e356f0]" started-at="2024-04-04T16:54:24 IST" name="Movies_t2" finished-at="2024-04-04T16:54:30 IST" duration-ms="5568" status="PASS">
          <reporter-output>
          </reporter-output>
        </test-method> <!-- Movies_t2 -->
      </class> <!-- testCases.Tc3_movies -->
      <class name="testCases.Tc4_clickSignin">
        <test-method signature="Signin_t1()[pri:1, instance:testCases.Tc4_clickSignin@47d9a273]" started-at="2024-04-04T16:54:30 IST" name="Signin_t1" finished-at="2024-04-04T16:54:30 IST" duration-ms="155" status="PASS">
          <reporter-output>
          </reporter-output>
        </test-method> <!-- Signin_t1 -->
        <test-method signature="Signin_t2()[pri:2, instance:testCases.Tc4_clickSignin@47d9a273]" started-at="2024-04-04T16:54:30 IST" name="Signin_t2" finished-at="2024-04-04T16:54:40 IST" duration-ms="10495" status="PASS">
          <reporter-output>
          </reporter-output>
        </test-method> <!-- Signin_t2 -->
        <test-method signature="Signin_t3(java.lang.String)[pri:3, instance:testCases.Tc4_clickSignin@47d9a273]" started-at="2024-04-04T16:54:40 IST" name="Signin_t3" data-provider="dp" finished-at="2024-04-04T16:54:51 IST" duration-ms="10416" status="PASS">
          <params>
            <param index="0">
              <value>
                <![CDATA[abc@.com]]>
              </value>
            </param>
          </params>
          <reporter-output>
          </reporter-output>
        </test-method> <!-- Signin_t3 -->
        <test-method signature="Signin_t4()[pri:4, instance:testCases.Tc4_clickSignin@47d9a273]" started-at="2024-04-04T16:54:51 IST" name="Signin_t4" finished-at="2024-04-04T16:55:08 IST" duration-ms="16872" status="PASS">
          <reporter-output>
          </reporter-output>
        </test-method> <!-- Signin_t4 -->
        <test-method signature="Signin_t5()[pri:5, instance:testCases.Tc4_clickSignin@47d9a273]" started-at="2024-04-04T16:55:08 IST" name="Signin_t5" finished-at="2024-04-04T16:55:08 IST" duration-ms="189" status="PASS">
          <reporter-output>
          </reporter-output>
        </test-method> <!-- Signin_t5 -->
      </class> <!-- testCases.Tc4_clickSignin -->
    </test> <!-- EdgeTest -->
  </suite> <!-- Suite -->
</testng-results>
